{"/Users/nvoruganti/Documents/NuxtDemo/registration/components/Registration.vue": {"path":"/Users/nvoruganti/Documents/NuxtDemo/registration/components/Registration.vue","statementMap":{"0":{"start":{"line":32,"column":0},"end":{"line":56,"column":null}},"1":{"start":{"line":56,"column":0},"end":{"line":56,"column":null}}},"fnMap":{},"branchMap":{},"s":{"0":1,"1":1},"f":{},"b":{}}
,"/Users/nvoruganti/Documents/NuxtDemo/registration/components/Tutorial.vue": {"path":"/Users/nvoruganti/Documents/NuxtDemo/registration/components/Tutorial.vue","statementMap":{"0":{"start":{"line":47,"column":0},"end":{"line":51,"column":null}},"1":{"start":{"line":51,"column":0},"end":{"line":51,"column":null}}},"fnMap":{},"branchMap":{},"s":{"0":0,"1":0},"f":{},"b":{}}
,"/Users/nvoruganti/Documents/NuxtDemo/registration/pages/index.vue": {"path":"/Users/nvoruganti/Documents/NuxtDemo/registration/pages/index.vue","statementMap":{"0":{"start":{"line":78,"column":0},"end":{"line":82,"column":null}},"1":{"start":{"line":82,"column":0},"end":{"line":82,"column":null}}},"fnMap":{},"branchMap":{},"s":{"0":0,"1":0},"f":{},"b":{}}
,"/Users/nvoruganti/Documents/NuxtDemo/registration/pages/inspire.vue": {"path":"/Users/nvoruganti/Documents/NuxtDemo/registration/pages/inspire.vue","statementMap":{"0":{"start":{"line":20,"column":0},"end":{"line":24,"column":null}},"1":{"start":{"line":24,"column":0},"end":{"line":24,"column":null}}},"fnMap":{},"branchMap":{},"s":{"0":0,"1":0},"f":{},"b":{}}
}
